<?xml version="1.0" encoding="UTF-8"?>
<!-- Generated by org.testng.reporters.JUnitXMLReporter -->
<testsuite hostname="DESKTOP-1J7GQ29" ignored="0" name="Command line test" tests="8" failures="0" timestamp="03 Jun 2017 03:14:53 GMT" time="31.869" errors="0">
  <testcase name="AudiA6" time="0.001" classname="testng.grouping.TestNG_Grouping"/>
  <testcase name="BMW3Series" time="0.001" classname="testng.grouping.TestNG_Grouping"/>
  <testcase name="BMWX3" time="0.0" classname="testng.grouping.TestNG_Grouping"/>
  <testcase name="HondaAccord" time="0.001" classname="testng.grouping.TestNG_Grouping"/>
  <testcase name="test" time="0.001" classname="testng.introduction.TestNgTestClass"/>
  <testcase name="test" time="5.697" classname="testng.introduction.TestNG_TestCase"/>
  <testcase name="testMethod" time="10.532" classname="testng.listener.TestNG_TestCase"/>
  <testcase name="testMethod1" time="0.874" classname="testng.listener.TestNG_TestCase"/>
</testsuite> <!-- Command line test -->
