<?xml version="1.0" encoding="UTF-8"?>
<testng-results skipped="0" failed="0" ignored="0" total="8" passed="8">
  <reporter-output>
    <line>
      <![CDATA[Navigate to flights tab]]>
    </line>
    <line>
      <![CDATA[Navigate to flights tab]]>
    </line>
  </reporter-output>
  <suite name="Command line suite" duration-ms="31869" started-at="2017-06-03T03:14:21Z" finished-at="2017-06-03T03:14:53Z">
    <groups>
      <group name="SUV">
        <method signature="TestNG_Grouping.BMWX3()[pri:0, instance:testng.grouping.TestNG_Grouping@15761df8]" name="BMWX3" class="testng.grouping.TestNG_Grouping"/>
      </group> <!-- SUV -->
      <group name="Audi">
        <method signature="TestNG_Grouping.AudiA6()[pri:0, instance:testng.grouping.TestNG_Grouping@15761df8]" name="AudiA6" class="testng.grouping.TestNG_Grouping"/>
      </group> <!-- Audi -->
      <group name="BMW">
        <method signature="TestNG_Grouping.BMW3Series()[pri:0, instance:testng.grouping.TestNG_Grouping@15761df8]" name="BMW3Series" class="testng.grouping.TestNG_Grouping"/>
        <method signature="TestNG_Grouping.BMWX3()[pri:0, instance:testng.grouping.TestNG_Grouping@15761df8]" name="BMWX3" class="testng.grouping.TestNG_Grouping"/>
      </group> <!-- BMW -->
      <group name="Sedan">
        <method signature="TestNG_Grouping.AudiA6()[pri:0, instance:testng.grouping.TestNG_Grouping@15761df8]" name="AudiA6" class="testng.grouping.TestNG_Grouping"/>
        <method signature="TestNG_Grouping.BMW3Series()[pri:0, instance:testng.grouping.TestNG_Grouping@15761df8]" name="BMW3Series" class="testng.grouping.TestNG_Grouping"/>
        <method signature="TestNG_Grouping.HondaAccord()[pri:0, instance:testng.grouping.TestNG_Grouping@15761df8]" name="HondaAccord" class="testng.grouping.TestNG_Grouping"/>
      </group> <!-- Sedan -->
      <group name="Honda">
        <method signature="TestNG_Grouping.HondaAccord()[pri:0, instance:testng.grouping.TestNG_Grouping@15761df8]" name="HondaAccord" class="testng.grouping.TestNG_Grouping"/>
      </group> <!-- Honda -->
    </groups>
    <test name="Command line test" duration-ms="31869" started-at="2017-06-03T03:14:21Z" finished-at="2017-06-03T03:14:53Z">
      <class name="testng.introduction.TestNgTestClass">
        <test-method status="PASS" signature="beforeSuite()[pri:0, instance:testng.introduction.TestNgTestClass@7c417213]" name="beforeSuite" is-config="true" duration-ms="10" started-at="2017-06-02T23:14:21Z" finished-at="2017-06-02T23:14:21Z">
          <reporter-output>
          </reporter-output>
        </test-method> <!-- beforeSuite -->
        <test-method status="PASS" signature="beforeTest()[pri:0, instance:testng.introduction.TestNgTestClass@7c417213]" name="beforeTest" is-config="true" duration-ms="0" started-at="2017-06-02T23:14:21Z" finished-at="2017-06-02T23:14:21Z">
          <reporter-output>
          </reporter-output>
        </test-method> <!-- beforeTest -->
        <test-method status="PASS" signature="beforeClass()[pri:0, instance:testng.introduction.TestNgTestClass@7c417213]" name="beforeClass" is-config="true" duration-ms="0" started-at="2017-06-02T23:14:21Z" finished-at="2017-06-02T23:14:21Z">
          <reporter-output>
          </reporter-output>
        </test-method> <!-- beforeClass -->
        <test-method status="PASS" signature="beforeMethod()[pri:0, instance:testng.introduction.TestNgTestClass@7c417213]" name="beforeMethod" is-config="true" duration-ms="0" started-at="2017-06-02T23:14:21Z" finished-at="2017-06-02T23:14:21Z">
          <reporter-output>
          </reporter-output>
        </test-method> <!-- beforeMethod -->
        <test-method status="PASS" signature="test()[pri:0, instance:testng.introduction.TestNgTestClass@7c417213]" name="test" duration-ms="1" started-at="2017-06-02T23:14:21Z" finished-at="2017-06-02T23:14:21Z">
          <reporter-output>
          </reporter-output>
        </test-method> <!-- test -->
        <test-method status="PASS" signature="afterClass()[pri:0, instance:testng.introduction.TestNgTestClass@7c417213]" name="afterClass" is-config="true" duration-ms="1" started-at="2017-06-02T23:14:21Z" finished-at="2017-06-02T23:14:21Z">
          <reporter-output>
          </reporter-output>
        </test-method> <!-- afterClass -->
        <test-method status="PASS" signature="afterMethod()[pri:0, instance:testng.introduction.TestNgTestClass@7c417213]" name="afterMethod" is-config="true" duration-ms="0" started-at="2017-06-02T23:14:21Z" finished-at="2017-06-02T23:14:21Z">
          <reporter-output>
          </reporter-output>
        </test-method> <!-- afterMethod -->
        <test-method status="PASS" signature="afterTest()[pri:0, instance:testng.introduction.TestNgTestClass@7c417213]" name="afterTest" is-config="true" duration-ms="1" started-at="2017-06-02T23:14:53Z" finished-at="2017-06-02T23:14:53Z">
          <reporter-output>
          </reporter-output>
        </test-method> <!-- afterTest -->
        <test-method status="PASS" signature="afterSuite()[pri:0, instance:testng.introduction.TestNgTestClass@7c417213]" name="afterSuite" is-config="true" duration-ms="0" started-at="2017-06-02T23:14:53Z" finished-at="2017-06-02T23:14:53Z">
          <reporter-output>
          </reporter-output>
        </test-method> <!-- afterSuite -->
      </class> <!-- testng.introduction.TestNgTestClass -->
      <class name="testng.listener.TestNG_TestCase">
        <test-method status="PASS" signature="beforeClass()[pri:0, instance:testng.listener.TestNG_TestCase@327b636c]" name="beforeClass" is-config="true" duration-ms="5807" started-at="2017-06-02T23:14:36Z" finished-at="2017-06-02T23:14:41Z">
          <reporter-output>
          </reporter-output>
        </test-method> <!-- beforeClass -->
        <test-method status="PASS" signature="beforeMethod()[pri:0, instance:testng.listener.TestNG_TestCase@327b636c]" name="beforeMethod" is-config="true" duration-ms="25" started-at="2017-06-02T23:14:41Z" finished-at="2017-06-02T23:14:41Z">
          <reporter-output>
          </reporter-output>
        </test-method> <!-- beforeMethod -->
        <test-method status="PASS" signature="testMethod()[pri:0, instance:testng.listener.TestNG_TestCase@327b636c]" name="testMethod" duration-ms="10532" started-at="2017-06-02T23:14:41Z" finished-at="2017-06-02T23:14:52Z">
          <reporter-output>
            <line>
              <![CDATA[Navigate to flights tab]]>
            </line>
          </reporter-output>
        </test-method> <!-- testMethod -->
        <test-method status="PASS" signature="afterMethod()[pri:0, instance:testng.listener.TestNG_TestCase@327b636c]" name="afterMethod" is-config="true" duration-ms="0" started-at="2017-06-02T23:14:52Z" finished-at="2017-06-02T23:14:52Z">
          <reporter-output>
          </reporter-output>
        </test-method> <!-- afterMethod -->
        <test-method status="PASS" signature="beforeMethod()[pri:0, instance:testng.listener.TestNG_TestCase@327b636c]" name="beforeMethod" is-config="true" duration-ms="21" started-at="2017-06-02T23:14:52Z" finished-at="2017-06-02T23:14:52Z">
          <reporter-output>
          </reporter-output>
        </test-method> <!-- beforeMethod -->
        <test-method status="PASS" signature="testMethod1()[pri:0, instance:testng.listener.TestNG_TestCase@327b636c]" name="testMethod1" duration-ms="874" started-at="2017-06-02T23:14:52Z" finished-at="2017-06-02T23:14:53Z">
          <reporter-output>
          </reporter-output>
        </test-method> <!-- testMethod1 -->
        <test-method status="PASS" signature="afterMethod()[pri:0, instance:testng.listener.TestNG_TestCase@327b636c]" name="afterMethod" is-config="true" duration-ms="0" started-at="2017-06-02T23:14:53Z" finished-at="2017-06-02T23:14:53Z">
          <reporter-output>
          </reporter-output>
        </test-method> <!-- afterMethod -->
      </class> <!-- testng.listener.TestNG_TestCase -->
      <class name="testng.grouping.TestNG_Grouping">
        <test-method status="PASS" signature="beforeClass()[pri:0, instance:testng.grouping.TestNG_Grouping@15761df8]" name="beforeClass" is-config="true" duration-ms="0" started-at="2017-06-02T23:14:21Z" finished-at="2017-06-02T23:14:21Z">
          <reporter-output>
          </reporter-output>
        </test-method> <!-- beforeClass -->
        <test-method status="PASS" signature="AudiA6()[pri:0, instance:testng.grouping.TestNG_Grouping@15761df8]" name="AudiA6" duration-ms="1" started-at="2017-06-02T23:14:21Z" finished-at="2017-06-02T23:14:21Z">
          <reporter-output>
          </reporter-output>
        </test-method> <!-- AudiA6 -->
        <test-method status="PASS" signature="beforeMethod()[pri:0, instance:testng.grouping.TestNG_Grouping@15761df8]" name="beforeMethod" is-config="true" duration-ms="0" started-at="2017-06-02T23:14:21Z" finished-at="2017-06-02T23:14:21Z">
          <reporter-output>
          </reporter-output>
        </test-method> <!-- beforeMethod -->
        <test-method status="PASS" signature="afterMethod()[pri:0, instance:testng.grouping.TestNG_Grouping@15761df8]" name="afterMethod" is-config="true" duration-ms="0" started-at="2017-06-02T23:14:21Z" finished-at="2017-06-02T23:14:21Z">
          <reporter-output>
          </reporter-output>
        </test-method> <!-- afterMethod -->
        <test-method status="PASS" signature="beforeMethod()[pri:0, instance:testng.grouping.TestNG_Grouping@15761df8]" name="beforeMethod" is-config="true" duration-ms="1" started-at="2017-06-02T23:14:21Z" finished-at="2017-06-02T23:14:21Z">
          <reporter-output>
          </reporter-output>
        </test-method> <!-- beforeMethod -->
        <test-method status="PASS" signature="BMW3Series()[pri:0, instance:testng.grouping.TestNG_Grouping@15761df8]" name="BMW3Series" duration-ms="1" started-at="2017-06-02T23:14:21Z" finished-at="2017-06-02T23:14:21Z">
          <reporter-output>
          </reporter-output>
        </test-method> <!-- BMW3Series -->
        <test-method status="PASS" signature="afterMethod()[pri:0, instance:testng.grouping.TestNG_Grouping@15761df8]" name="afterMethod" is-config="true" duration-ms="0" started-at="2017-06-02T23:14:21Z" finished-at="2017-06-02T23:14:21Z">
          <reporter-output>
          </reporter-output>
        </test-method> <!-- afterMethod -->
        <test-method status="PASS" signature="beforeMethod()[pri:0, instance:testng.grouping.TestNG_Grouping@15761df8]" name="beforeMethod" is-config="true" duration-ms="0" started-at="2017-06-02T23:14:21Z" finished-at="2017-06-02T23:14:21Z">
          <reporter-output>
          </reporter-output>
        </test-method> <!-- beforeMethod -->
        <test-method status="PASS" signature="BMWX3()[pri:0, instance:testng.grouping.TestNG_Grouping@15761df8]" name="BMWX3" duration-ms="0" started-at="2017-06-02T23:14:21Z" finished-at="2017-06-02T23:14:21Z">
          <reporter-output>
          </reporter-output>
        </test-method> <!-- BMWX3 -->
        <test-method status="PASS" signature="afterMethod()[pri:0, instance:testng.grouping.TestNG_Grouping@15761df8]" name="afterMethod" is-config="true" duration-ms="0" started-at="2017-06-02T23:14:21Z" finished-at="2017-06-02T23:14:21Z">
          <reporter-output>
          </reporter-output>
        </test-method> <!-- afterMethod -->
        <test-method status="PASS" signature="beforeMethod()[pri:0, instance:testng.grouping.TestNG_Grouping@15761df8]" name="beforeMethod" is-config="true" duration-ms="0" started-at="2017-06-02T23:14:21Z" finished-at="2017-06-02T23:14:21Z">
          <reporter-output>
          </reporter-output>
        </test-method> <!-- beforeMethod -->
        <test-method status="PASS" signature="HondaAccord()[pri:0, instance:testng.grouping.TestNG_Grouping@15761df8]" name="HondaAccord" duration-ms="1" started-at="2017-06-02T23:14:21Z" finished-at="2017-06-02T23:14:21Z">
          <reporter-output>
          </reporter-output>
        </test-method> <!-- HondaAccord -->
        <test-method status="PASS" signature="afterMethod()[pri:0, instance:testng.grouping.TestNG_Grouping@15761df8]" name="afterMethod" is-config="true" duration-ms="1" started-at="2017-06-02T23:14:21Z" finished-at="2017-06-02T23:14:21Z">
          <reporter-output>
          </reporter-output>
        </test-method> <!-- afterMethod -->
        <test-method status="PASS" signature="afterClass()[pri:0, instance:testng.grouping.TestNG_Grouping@15761df8]" name="afterClass" is-config="true" duration-ms="1" started-at="2017-06-02T23:14:21Z" finished-at="2017-06-02T23:14:21Z">
          <reporter-output>
          </reporter-output>
        </test-method> <!-- afterClass -->
      </class> <!-- testng.grouping.TestNG_Grouping -->
      <class name="testng.introduction.TestNG_TestCase">
        <test-method status="PASS" signature="setUp()[pri:0, instance:testng.introduction.TestNG_TestCase@6ab7a896]" name="setUp" is-config="true" duration-ms="5930" started-at="2017-06-02T23:14:21Z" finished-at="2017-06-02T23:14:27Z">
          <reporter-output>
          </reporter-output>
        </test-method> <!-- setUp -->
        <test-method status="PASS" signature="test()[pri:0, instance:testng.introduction.TestNG_TestCase@6ab7a896]" name="test" duration-ms="5697" started-at="2017-06-02T23:14:27Z" finished-at="2017-06-02T23:14:33Z">
          <reporter-output>
            <line>
              <![CDATA[Navigate to flights tab]]>
            </line>
          </reporter-output>
        </test-method> <!-- test -->
        <test-method status="PASS" signature="tearDown()[pri:0, instance:testng.introduction.TestNG_TestCase@6ab7a896]" name="tearDown" is-config="true" duration-ms="2948" started-at="2017-06-02T23:14:33Z" finished-at="2017-06-02T23:14:36Z">
          <reporter-output>
          </reporter-output>
        </test-method> <!-- tearDown -->
      </class> <!-- testng.introduction.TestNG_TestCase -->
    </test> <!-- Command line test -->
  </suite> <!-- Command line suite -->
</testng-results>
